#
# There is insufficient memory for the Java Runtime Environment to continue.
# Native memory allocation (malloc) failed to allocate 79136 bytes for Chunk::new
# Possible reasons:
#   The system is out of physical RAM or swap space
#   The process is running with CompressedOops enabled, and the Java Heap may be blocking the growth of the native heap
# Possible solutions:
#   Reduce memory load on the system
#   Increase physical memory or swap space
#   Check if swap backing store is full
#   Decrease Java heap size (-Xmx/-Xms)
#   Decrease number of Java threads
#   Decrease Java thread stack sizes (-Xss)
#   Set larger code cache with -XX:ReservedCodeCacheSize=
#   JVM is running with Unscaled Compressed Oops mode in which the Java heap is
#     placed in the first 4GB address space. The Java Heap base address is the
#     maximum limit for the native heap growth. Please use -XX:HeapBaseMinAddress
#     to set the Java Heap base and to place the Java Heap above 4GB virtual address.
# This output file may be truncated or incomplete.
#
#  Out of Memory Error (arena.cpp:189), pid=27180, tid=18228
#
# JRE version: OpenJDK Runtime Environment Temurin-17.0.6+10 (17.0.6+10) (build 17.0.6+10)
# Java VM: OpenJDK 64-Bit Server VM Temurin-17.0.6+10 (17.0.6+10, mixed mode, tiered, compressed oops, compressed class ptrs, g1 gc, windows-amd64)
# No core dump will be written. Minidumps are not enabled by default on client versions of Windows
#

---------------  S U M M A R Y ------------

Command Line: -Dfile.encoding=UTF-8 -XX:+ShowCodeDetailsInExceptionMessages coms.FambruhbackendApplication

Host: AMD Ryzen 5 5600H with Radeon Graphics         , 12 cores, 7G,  Windows 11 , 64 bit Build 22621 (10.0.22621.3374)
Time: Mon Apr 15 18:29:45 2024 India Standard Time elapsed time: 0.264736 seconds (0d 0h 0m 0s)

---------------  T H R E A D  ---------------

Current thread (0x00000244447c9970):  JavaThread "C2 CompilerThread0" daemon [_thread_in_native, id=18228, stack(0x000000a54a000000,0x000000a54a100000)]


Current CompileTask:
C2:    264  272       4       java.util.jar.Manifest$FastInputStream::readLine (296 bytes)

Stack: [0x000000a54a000000,0x000000a54a100000]
Native frames: (J=compiled Java code, j=interpreted, Vv=VM code, C=native code)
V  [jvm.dll+0x67741a]
V  [jvm.dll+0x834434]
V  [jvm.dll+0x835bde]
V  [jvm.dll+0x836243]
V  [jvm.dll+0x2457b5]
V  [jvm.dll+0xabafc]
V  [jvm.dll+0xac0cc]
V  [jvm.dll+0x2ac94f]
V  [jvm.dll+0x57de47]
V  [jvm.dll+0x220812]
V  [jvm.dll+0x21a1e4]
V  [jvm.dll+0x21790b]
V  [jvm.dll+0x1a3d0d]
V  [jvm.dll+0x22742a]
V  [jvm.dll+0x225565]
V  [jvm.dll+0x7ea2cb]
V  [jvm.dll+0x7e483a]
V  [jvm.dll+0x6762c5]
C  [ucrtbase.dll+0x29333]
C  [KERNEL32.DLL+0x1257d]
C  [ntdll.dll+0x5aa48]


---------------  P R O C E S S  ---------------

Threads class SMR info:
_java_thread_list=0x00000244451e05e0, length=13, elements={
0x000002442a93ab30, 0x0000024445013020, 0x0000024445013c90, 0x00000244447c2700,
0x00000244447c30b0, 0x00000244447c5a70, 0x00000244447c6420, 0x00000244447c9970,
0x00000244450441f0, 0x0000024445046bf0, 0x00000244451a2200, 0x00000244451c39f0,
0x0000024445272250
}

Java Threads: ( => current thread )
  0x000002442a93ab30 JavaThread "main" [_thread_in_native, id=31888, stack(0x000000a549300000,0x000000a549400000)]
  0x0000024445013020 JavaThread "Reference Handler" daemon [_thread_blocked, id=11352, stack(0x000000a549a00000,0x000000a549b00000)]
  0x0000024445013c90 JavaThread "Finalizer" daemon [_thread_blocked, id=11508, stack(0x000000a549b00000,0x000000a549c00000)]
  0x00000244447c2700 JavaThread "Signal Dispatcher" daemon [_thread_blocked, id=3612, stack(0x000000a549c00000,0x000000a549d00000)]
  0x00000244447c30b0 JavaThread "Attach Listener" daemon [_thread_blocked, id=12316, stack(0x000000a549d00000,0x000000a549e00000)]
  0x00000244447c5a70 JavaThread "Service Thread" daemon [_thread_blocked, id=7316, stack(0x000000a549e00000,0x000000a549f00000)]
  0x00000244447c6420 JavaThread "Monitor Deflation Thread" daemon [_thread_blocked, id=24932, stack(0x000000a549f00000,0x000000a54a000000)]
=>0x00000244447c9970 JavaThread "C2 CompilerThread0" daemon [_thread_in_native, id=18228, stack(0x000000a54a000000,0x000000a54a100000)]
  0x00000244450441f0 JavaThread "C1 CompilerThread0" daemon [_thread_in_native, id=38596, stack(0x000000a54a100000,0x000000a54a200000)]
  0x0000024445046bf0 JavaThread "Sweeper thread" daemon [_thread_blocked, id=35980, stack(0x000000a54a200000,0x000000a54a300000)]
  0x00000244451a2200 JavaThread "Notification Thread" daemon [_thread_blocked, id=17560, stack(0x000000a54a300000,0x000000a54a400000)]
  0x00000244451c39f0 JavaThread "Common-Cleaner" daemon [_thread_blocked, id=25592, stack(0x000000a54a500000,0x000000a54a600000)]
  0x0000024445272250 JavaThread "C2 CompilerThread1" daemon [_thread_in_native, id=33052, stack(0x000000a54a600000,0x000000a54a700000)]

Other Threads:
  0x00000244447b3a70 VMThread "VM Thread" [stack: 0x000000a549900000,0x000000a549a00000] [id=38120]
  0x00000244451aa700 WatcherThread [stack: 0x000000a54a400000,0x000000a54a500000] [id=32088]
  0x000002442a994c40 GCTaskThread "GC Thread#0" [stack: 0x000000a549400000,0x000000a549500000] [id=30528]
  0x000002442a9a4e60 ConcurrentGCThread "G1 Main Marker" [stack: 0x000000a549500000,0x000000a549600000] [id=21888]
  0x000002442a9a5870 ConcurrentGCThread "G1 Conc#0" [stack: 0x000000a549600000,0x000000a549700000] [id=11956]
  0x000002442a9ee8b0 ConcurrentGCThread "G1 Refine#0" [stack: 0x000000a549700000,0x000000a549800000] [id=28156]
  0x0000024444608440 ConcurrentGCThread "G1 Service" [stack: 0x000000a549800000,0x000000a549900000] [id=4984]

Threads with active compile tasks:
C2 CompilerThread0      290  272       4       java.util.jar.Manifest$FastInputStream::readLine (296 bytes)
C1 CompilerThread0      290  319       3       java.lang.StringLatin1::regionMatchesCI (98 bytes)
C2 CompilerThread1      290  311       4       java.lang.StringLatin1::equals (36 bytes)

VM state: not at safepoint (normal execution)

VM Mutex/Monitor currently owned by a thread: None

Heap address: 0x000000008a600000, size: 1882 MB, Compressed Oops mode: 32-bit

CDS archive(s) not mapped
Compressed class space mapped at: 0x0000000100000000-0x0000000140000000, reserved size: 1073741824
Narrow klass base: 0x0000000000000000, Narrow klass shift: 3, Narrow klass range: 0x140000000

GC Precious Log:
 CPUs: 12 total, 12 available
 Memory: 7521M
 Large Page Support: Disabled
 NUMA Support: Disabled
 Compressed Oops: Enabled (32-bit)
 Heap Region Size: 1M
 Heap Min Capacity: 8M
 Heap Initial Capacity: 118M
 Heap Max Capacity: 1882M
 Pre-touch: Disabled
 Parallel Workers: 10
 Concurrent Workers: 3
 Concurrent Refinement Workers: 10
 Periodic GC: Disabled

Heap:
 garbage-first heap   total 120832K, used 6144K [0x000000008a600000, 0x0000000100000000)
  region size 1024K, 7 young (7168K), 0 survivors (0K)
 Metaspace       used 5655K, committed 5760K, reserved 1056768K
  class space    used 475K, committed 512K, reserved 1048576K

Heap Regions: E=young(eden), S=young(survivor), O=old, HS=humongous(starts), HC=humongous(continues), CS=collection set, F=free, OA=open archive, CA=closed archive, TAMS=top-at-mark-start (previous, next)
|   0|0x000000008a600000, 0x000000008a700000, 0x000000008a700000|100%|HS|  |TAMS 0x000000008a600000, 0x000000008a600000| Complete 
|   1|0x000000008a700000, 0x000000008a700000, 0x000000008a800000|  0%| F|  |TAMS 0x000000008a700000, 0x000000008a700000| Untracked 
|   2|0x000000008a800000, 0x000000008a800000, 0x000000008a900000|  0%| F|  |TAMS 0x000000008a800000, 0x000000008a800000| Untracked 
|   3|0x000000008a900000, 0x000000008a900000, 0x000000008aa00000|  0%| F|  |TAMS 0x000000008a900000, 0x000000008a900000| Untracked 
|   4|0x000000008aa00000, 0x000000008aa00000, 0x000000008ab00000|  0%| F|  |TAMS 0x000000008aa00000, 0x000000008aa00000| Untracked 
|   5|0x000000008ab00000, 0x000000008ab00000, 0x000000008ac00000|  0%| F|  |TAMS 0x000000008ab00000, 0x000000008ab00000| Untracked 
|   6|0x000000008ac00000, 0x000000008ac00000, 0x000000008ad00000|  0%| F|  |TAMS 0x000000008ac00000, 0x000000008ac00000| Untracked 
|   7|0x000000008ad00000, 0x000000008ad00000, 0x000000008ae00000|  0%| F|  |TAMS 0x000000008ad00000, 0x000000008ad00000| Untracked 
|   8|0x000000008ae00000, 0x000000008ae00000, 0x000000008af00000|  0%| F|  |TAMS 0x000000008ae00000, 0x000000008ae00000| Untracked 
|   9|0x000000008af00000, 0x000000008af00000, 0x000000008b000000|  0%| F|  |TAMS 0x000000008af00000, 0x000000008af00000| Untracked 
|  10|0x000000008b000000, 0x000000008b000000, 0x000000008b100000|  0%| F|  |TAMS 0x000000008b000000, 0x000000008b000000| Untracked 
|  11|0x000000008b100000, 0x000000008b100000, 0x000000008b200000|  0%| F|  |TAMS 0x000000008b100000, 0x000000008b100000| Untracked 
|  12|0x000000008b200000, 0x000000008b200000, 0x000000008b300000|  0%| F|  |TAMS 0x000000008b200000, 0x000000008b200000| Untracked 
|  13|0x000000008b300000, 0x000000008b300000, 0x000000008b400000|  0%| F|  |TAMS 0x000000008b300000, 0x000000008b300000| Untracked 
|  14|0x000000008b400000, 0x000000008b400000, 0x000000008b500000|  0%| F|  |TAMS 0x000000008b400000, 0x000000008b400000| Untracked 
|  15|0x000000008b500000, 0x000000008b500000, 0x000000008b600000|  0%| F|  |TAMS 0x000000008b500000, 0x000000008b500000| Untracked 
|  16|0x000000008b600000, 0x000000008b600000, 0x000000008b700000|  0%| F|  |TAMS 0x000000008b600000, 0x000000008b600000| Untracked 
|  17|0x000000008b700000, 0x000000008b700000, 0x000000008b800000|  0%| F|  |TAMS 0x000000008b700000, 0x000000008b700000| Untracked 
|  18|0x000000008b800000, 0x000000008b800000, 0x000000008b900000|  0%| F|  |TAMS 0x000000008b800000, 0x000000008b800000| Untracked 
|  19|0x000000008b900000, 0x000000008b900000, 0x000000008ba00000|  0%| F|  |TAMS 0x000000008b900000, 0x000000008b900000| Untracked 
|  20|0x000000008ba00000, 0x000000008ba00000, 0x000000008bb00000|  0%| F|  |TAMS 0x000000008ba00000, 0x000000008ba00000| Untracked 
|  21|0x000000008bb00000, 0x000000008bb00000, 0x000000008bc00000|  0%| F|  |TAMS 0x000000008bb00000, 0x000000008bb00000| Untracked 
|  22|0x000000008bc00000, 0x000000008bc00000, 0x000000008bd00000|  0%| F|  |TAMS 0x000000008bc00000, 0x000000008bc00000| Untracked 
|  23|0x000000008bd00000, 0x000000008bd00000, 0x000000008be00000|  0%| F|  |TAMS 0x000000008bd00000, 0x000000008bd00000| Untracked 
|  24|0x000000008be00000, 0x000000008be00000, 0x000000008bf00000|  0%| F|  |TAMS 0x000000008be00000, 0x000000008be00000| Untracked 
|  25|0x000000008bf00000, 0x000000008bf00000, 0x000000008c000000|  0%| F|  |TAMS 0x000000008bf00000, 0x000000008bf00000| Untracked 
|  26|0x000000008c000000, 0x000000008c000000, 0x000000008c100000|  0%| F|  |TAMS 0x000000008c000000, 0x000000008c000000| Untracked 
|  27|0x000000008c100000, 0x000000008c100000, 0x000000008c200000|  0%| F|  |TAMS 0x000000008c100000, 0x000000008c100000| Untracked 
|  28|0x000000008c200000, 0x000000008c200000, 0x000000008c300000|  0%| F|  |TAMS 0x000000008c200000, 0x000000008c200000| Untracked 
|  29|0x000000008c300000, 0x000000008c300000, 0x000000008c400000|  0%| F|  |TAMS 0x000000008c300000, 0x000000008c300000| Untracked 
|  30|0x000000008c400000, 0x000000008c400000, 0x000000008c500000|  0%| F|  |TAMS 0x000000008c400000, 0x000000008c400000| Untracked 
|  31|0x000000008c500000, 0x000000008c500000, 0x000000008c600000|  0%| F|  |TAMS 0x000000008c500000, 0x000000008c500000| Untracked 
|  32|0x000000008c600000, 0x000000008c600000, 0x000000008c700000|  0%| F|  |TAMS 0x000000008c600000, 0x000000008c600000| Untracked 
|  33|0x000000008c700000, 0x000000008c700000, 0x000000008c800000|  0%| F|  |TAMS 0x000000008c700000, 0x000000008c700000| Untracked 
|  34|0x000000008c800000, 0x000000008c800000, 0x000000008c900000|  0%| F|  |TAMS 0x000000008c800000, 0x000000008c800000| Untracked 
|  35|0x000000008c900000, 0x000000008c900000, 0x000000008ca00000|  0%| F|  |TAMS 0x000000008c900000, 0x000000008c900000| Untracked 
|  36|0x000000008ca00000, 0x000000008ca00000, 0x000000008cb00000|  0%| F|  |TAMS 0x000000008ca00000, 0x000000008ca00000| Untracked 
|  37|0x000000008cb00000, 0x000000008cb00000, 0x000000008cc00000|  0%| F|  |TAMS 0x000000008cb00000, 0x000000008cb00000| Untracked 
|  38|0x000000008cc00000, 0x000000008cc00000, 0x000000008cd00000|  0%| F|  |TAMS 0x000000008cc00000, 0x000000008cc00000| Untracked 
|  39|0x000000008cd00000, 0x000000008cd00000, 0x000000008ce00000|  0%| F|  |TAMS 0x000000008cd00000, 0x000000008cd00000| Untracked 
|  40|0x000000008ce00000, 0x000000008ce00000, 0x000000008cf00000|  0%| F|  |TAMS 0x000000008ce00000, 0x000000008ce00000| Untracked 
|  41|0x000000008cf00000, 0x000000008cf00000, 0x000000008d000000|  0%| F|  |TAMS 0x000000008cf00000, 0x000000008cf00000| Untracked 
|  42|0x000000008d000000, 0x000000008d000000, 0x000000008d100000|  0%| F|  |TAMS 0x000000008d000000, 0x000000008d000000| Untracked 
|  43|0x000000008d100000, 0x000000008d100000, 0x000000008d200000|  0%| F|  |TAMS 0x000000008d100000, 0x000000008d100000| Untracked 
|  44|0x000000008d200000, 0x000000008d200000, 0x000000008d300000|  0%| F|  |TAMS 0x000000008d200000, 0x000000008d200000| Untracked 
|  45|0x000000008d300000, 0x000000008d300000, 0x000000008d400000|  0%| F|  |TAMS 0x000000008d300000, 0x000000008d300000| Untracked 
|  46|0x000000008d400000, 0x000000008d400000, 0x000000008d500000|  0%| F|  |TAMS 0x000000008d400000, 0x000000008d400000| Untracked 
|  47|0x000000008d500000, 0x000000008d500000, 0x000000008d600000|  0%| F|  |TAMS 0x000000008d500000, 0x000000008d500000| Untracked 
|  48|0x000000008d600000, 0x000000008d600000, 0x000000008d700000|  0%| F|  |TAMS 0x000000008d600000, 0x000000008d600000| Untracked 
|  49|0x000000008d700000, 0x000000008d700000, 0x000000008d800000|  0%| F|  |TAMS 0x000000008d700000, 0x000000008d700000| Untracked 
|  50|0x000000008d800000, 0x000000008d800000, 0x000000008d900000|  0%| F|  |TAMS 0x000000008d800000, 0x000000008d800000| Untracked 
|  51|0x000000008d900000, 0x000000008d900000, 0x000000008da00000|  0%| F|  |TAMS 0x000000008d900000, 0x000000008d900000| Untracked 
|  52|0x000000008da00000, 0x000000008da00000, 0x000000008db00000|  0%| F|  |TAMS 0x000000008da00000, 0x000000008da00000| Untracked 
|  53|0x000000008db00000, 0x000000008db00000, 0x000000008dc00000|  0%| F|  |TAMS 0x000000008db00000, 0x000000008db00000| Untracked 
|  54|0x000000008dc00000, 0x000000008dc00000, 0x000000008dd00000|  0%| F|  |TAMS 0x000000008dc00000, 0x000000008dc00000| Untracked 
|  55|0x000000008dd00000, 0x000000008dd00000, 0x000000008de00000|  0%| F|  |TAMS 0x000000008dd00000, 0x000000008dd00000| Untracked 
|  56|0x000000008de00000, 0x000000008de00000, 0x000000008df00000|  0%| F|  |TAMS 0x000000008de00000, 0x000000008de00000| Untracked 
|  57|0x000000008df00000, 0x000000008df00000, 0x000000008e000000|  0%| F|  |TAMS 0x000000008df00000, 0x000000008df00000| Untracked 
|  58|0x000000008e000000, 0x000000008e000000, 0x000000008e100000|  0%| F|  |TAMS 0x000000008e000000, 0x000000008e000000| Untracked 
|  59|0x000000008e100000, 0x000000008e100000, 0x000000008e200000|  0%| F|  |TAMS 0x000000008e100000, 0x000000008e100000| Untracked 
|  60|0x000000008e200000, 0x000000008e200000, 0x000000008e300000|  0%| F|  |TAMS 0x000000008e200000, 0x000000008e200000| Untracked 
|  61|0x000000008e300000, 0x000000008e300000, 0x000000008e400000|  0%| F|  |TAMS 0x000000008e300000, 0x000000008e300000| Untracked 
|  62|0x000000008e400000, 0x000000008e400000, 0x000000008e500000|  0%| F|  |TAMS 0x000000008e400000, 0x000000008e400000| Untracked 
|  63|0x000000008e500000, 0x000000008e500000, 0x000000008e600000|  0%| F|  |TAMS 0x000000008e500000, 0x000000008e500000| Untracked 
|  64|0x000000008e600000, 0x000000008e600000, 0x000000008e700000|  0%| F|  |TAMS 0x000000008e600000, 0x000000008e600000| Untracked 
|  65|0x000000008e700000, 0x000000008e700000, 0x000000008e800000|  0%| F|  |TAMS 0x000000008e700000, 0x000000008e700000| Untracked 
|  66|0x000000008e800000, 0x000000008e800000, 0x000000008e900000|  0%| F|  |TAMS 0x000000008e800000, 0x000000008e800000| Untracked 
|  67|0x000000008e900000, 0x000000008e900000, 0x000000008ea00000|  0%| F|  |TAMS 0x000000008e900000, 0x000000008e900000| Untracked 
|  68|0x000000008ea00000, 0x000000008ea00000, 0x000000008eb00000|  0%| F|  |TAMS 0x000000008ea00000, 0x000000008ea00000| Untracked 
|  69|0x000000008eb00000, 0x000000008eb00000, 0x000000008ec00000|  0%| F|  |TAMS 0x000000008eb00000, 0x000000008eb00000| Untracked 
|  70|0x000000008ec00000, 0x000000008ec00000, 0x000000008ed00000|  0%| F|  |TAMS 0x000000008ec00000, 0x000000008ec00000| Untracked 
|  71|0x000000008ed00000, 0x000000008ed00000, 0x000000008ee00000|  0%| F|  |TAMS 0x000000008ed00000, 0x000000008ed00000| Untracked 
|  72|0x000000008ee00000, 0x000000008ee00000, 0x000000008ef00000|  0%| F|  |TAMS 0x000000008ee00000, 0x000000008ee00000| Untracked 
|  73|0x000000008ef00000, 0x000000008ef00000, 0x000000008f000000|  0%| F|  |TAMS 0x000000008ef00000, 0x000000008ef00000| Untracked 
|  74|0x000000008f000000, 0x000000008f000000, 0x000000008f100000|  0%| F|  |TAMS 0x000000008f000000, 0x000000008f000000| Untracked 
|  75|0x000000008f100000, 0x000000008f100000, 0x000000008f200000|  0%| F|  |TAMS 0x000000008f100000, 0x000000008f100000| Untracked 
|  76|0x000000008f200000, 0x000000008f200000, 0x000000008f300000|  0%| F|  |TAMS 0x000000008f200000, 0x000000008f200000| Untracked 
|  77|0x000000008f300000, 0x000000008f300000, 0x000000008f400000|  0%| F|  |TAMS 0x000000008f300000, 0x000000008f300000| Untracked 
|  78|0x000000008f400000, 0x000000008f400000, 0x000000008f500000|  0%| F|  |TAMS 0x000000008f400000, 0x000000008f400000| Untracked 
|  79|0x000000008f500000, 0x000000008f500000, 0x000000008f600000|  0%| F|  |TAMS 0x000000008f500000, 0x000000008f500000| Untracked 
|  80|0x000000008f600000, 0x000000008f600000, 0x000000008f700000|  0%| F|  |TAMS 0x000000008f600000, 0x000000008f600000| Untracked 
|  81|0x000000008f700000, 0x000000008f700000, 0x000000008f800000|  0%| F|  |TAMS 0x000000008f700000, 0x000000008f700000| Untracked 
|  82|0x000000008f800000, 0x000000008f800000, 0x000000008f900000|  0%| F|  |TAMS 0x000000008f800000, 0x000000008f800000| Untracked 
|  83|0x000000008f900000, 0x000000008f900000, 0x000000008fa00000|  0%| F|  |TAMS 0x000000008f900000, 0x000000008f900000| Untracked 
|  84|0x000000008fa00000, 0x000000008fa00000, 0x000000008fb00000|  0%| F|  |TAMS 0x000000008fa00000, 0x000000008fa00000| Untracked 
|  85|0x000000008fb00000, 0x000000008fb00000, 0x000000008fc00000|  0%| F|  |TAMS 0x000000008fb00000, 0x000000008fb00000| Untracked 
|  86|0x000000008fc00000, 0x000000008fc00000, 0x000000008fd00000|  0%| F|  |TAMS 0x000000008fc00000, 0x000000008fc00000| Untracked 
|  87|0x000000008fd00000, 0x000000008fd00000, 0x000000008fe00000|  0%| F|  |TAMS 0x000000008fd00000, 0x000000008fd00000| Untracked 
|  88|0x000000008fe00000, 0x000000008fe00000, 0x000000008ff00000|  0%| F|  |TAMS 0x000000008fe00000, 0x000000008fe00000| Untracked 
|  89|0x000000008ff00000, 0x000000008ff00000, 0x0000000090000000|  0%| F|  |TAMS 0x000000008ff00000, 0x000000008ff00000| Untracked 
|  90|0x0000000090000000, 0x0000000090000000, 0x0000000090100000|  0%| F|  |TAMS 0x0000000090000000, 0x0000000090000000| Untracked 
|  91|0x0000000090100000, 0x0000000090100000, 0x0000000090200000|  0%| F|  |TAMS 0x0000000090100000, 0x0000000090100000| Untracked 
|  92|0x0000000090200000, 0x0000000090200000, 0x0000000090300000|  0%| F|  |TAMS 0x0000000090200000, 0x0000000090200000| Untracked 
|  93|0x0000000090300000, 0x0000000090300000, 0x0000000090400000|  0%| F|  |TAMS 0x0000000090300000, 0x0000000090300000| Untracked 
|  94|0x0000000090400000, 0x0000000090400000, 0x0000000090500000|  0%| F|  |TAMS 0x0000000090400000, 0x0000000090400000| Untracked 
|  95|0x0000000090500000, 0x0000000090500000, 0x0000000090600000|  0%| F|  |TAMS 0x0000000090500000, 0x0000000090500000| Untracked 
|  96|0x0000000090600000, 0x0000000090600000, 0x0000000090700000|  0%| F|  |TAMS 0x0000000090600000, 0x0000000090600000| Untracked 
|  97|0x0000000090700000, 0x0000000090700000, 0x0000000090800000|  0%| F|  |TAMS 0x0000000090700000, 0x0000000090700000| Untracked 
|  98|0x0000000090800000, 0x0000000090800000, 0x0000000090900000|  0%| F|  |TAMS 0x0000000090800000, 0x0000000090800000| Untracked 
|  99|0x0000000090900000, 0x0000000090900000, 0x0000000090a00000|  0%| F|  |TAMS 0x0000000090900000, 0x0000000090900000| Untracked 
| 100|0x0000000090a00000, 0x0000000090a00000, 0x0000000090b00000|  0%| F|  |TAMS 0x0000000090a00000, 0x0000000090a00000| Untracked 
| 101|0x0000000090b00000, 0x0000000090b00000, 0x0000000090c00000|  0%| F|  |TAMS 0x0000000090b00000, 0x0000000090b00000| Untracked 
| 102|0x0000000090c00000, 0x0000000090c00000, 0x0000000090d00000|  0%| F|  |TAMS 0x0000000090c00000, 0x0000000090c00000| Untracked 
| 103|0x0000000090d00000, 0x0000000090d00000, 0x0000000090e00000|  0%| F|  |TAMS 0x0000000090d00000, 0x0000000090d00000| Untracked 
| 104|0x0000000090e00000, 0x0000000090e00000, 0x0000000090f00000|  0%| F|  |TAMS 0x0000000090e00000, 0x0000000090e00000| Untracked 
| 105|0x0000000090f00000, 0x0000000090f00000, 0x0000000091000000|  0%| F|  |TAMS 0x0000000090f00000, 0x0000000090f00000| Untracked 
| 106|0x0000000091000000, 0x0000000091000000, 0x0000000091100000|  0%| F|  |TAMS 0x0000000091000000, 0x0000000091000000| Untracked 
| 107|0x0000000091100000, 0x0000000091100000, 0x0000000091200000|  0%| F|  |TAMS 0x0000000091100000, 0x0000000091100000| Untracked 
| 108|0x0000000091200000, 0x0000000091200000, 0x0000000091300000|  0%| F|  |TAMS 0x0000000091200000, 0x0000000091200000| Untracked 
| 109|0x0000000091300000, 0x0000000091300000, 0x0000000091400000|  0%| F|  |TAMS 0x0000000091300000, 0x0000000091300000| Untracked 
| 110|0x0000000091400000, 0x0000000091400000, 0x0000000091500000|  0%| F|  |TAMS 0x0000000091400000, 0x0000000091400000| Untracked 
| 111|0x0000000091500000, 0x00000000915ef680, 0x0000000091600000| 93%| E|  |TAMS 0x0000000091500000, 0x0000000091500000| Complete 
| 112|0x0000000091600000, 0x0000000091700000, 0x0000000091700000|100%| E|CS|TAMS 0x0000000091600000, 0x0000000091600000| Complete 
| 113|0x0000000091700000, 0x0000000091800000, 0x0000000091800000|100%| E|CS|TAMS 0x0000000091700000, 0x0000000091700000| Complete 
| 114|0x0000000091800000, 0x0000000091900000, 0x0000000091900000|100%| E|CS|TAMS 0x0000000091800000, 0x0000000091800000| Complete 
| 115|0x0000000091900000, 0x0000000091a00000, 0x0000000091a00000|100%| E|CS|TAMS 0x0000000091900000, 0x0000000091900000| Complete 
| 116|0x0000000091a00000, 0x0000000091b00000, 0x0000000091b00000|100%| E|  |TAMS 0x0000000091a00000, 0x0000000091a00000| Complete 
| 117|0x0000000091b00000, 0x0000000091c00000, 0x0000000091c00000|100%| E|CS|TAMS 0x0000000091b00000, 0x0000000091b00000| Complete 

Card table byte_map: [0x000002443d8f0000,0x000002443dca0000] _byte_map_base: 0x000002443d49d000

Marking Bits (Prev, Next): (CMBitMap*) 0x000002442a995250, (CMBitMap*) 0x000002442a995290
 Prev Bits: [0x000002443e050000, 0x000002443fdb8000)
 Next Bits: [0x000002443fdc0000, 0x0000024441b28000)

Polling page: 0x000002442a0f0000

Metaspace:

Usage:
  Non-class:      5.10 MB used.
      Class:    482.76 KB used.
       Both:      5.57 MB used.

Virtual space:
  Non-class space:        8.00 MB reserved,       5.19 MB ( 65%) committed,  1 nodes.
      Class space:        1.00 GB reserved,     512.00 KB ( <1%) committed,  1 nodes.
             Both:        1.01 GB reserved,       5.69 MB ( <1%) committed. 

Chunk freelists:
   Non-Class:  2.59 MB
       Class:  3.52 MB
        Both:  6.11 MB

MaxMetaspaceSize: unlimited
CompressedClassSpaceSize: 1.00 GB
Initial GC threshold: 21.00 MB
Current GC threshold: 21.00 MB
CDS: off
MetaspaceReclaimPolicy: balanced
 - commit_granule_bytes: 65536.
 - commit_granule_words: 8192.
 - virtual_space_node_default_size: 1048576.
 - enlarge_chunks_in_place: 1.
 - new_chunks_are_fully_committed: 0.
 - uncommit_free_chunks: 1.
 - use_allocation_guard: 0.
 - handle_deallocations: 1.


Internal statistics:

num_allocs_failed_limit: 0.
num_arena_births: 4.
num_arena_deaths: 0.
num_vsnodes_births: 2.
num_vsnodes_deaths: 0.
num_space_committed: 91.
num_space_uncommitted: 0.
num_chunks_returned_to_freelist: 0.
num_chunks_taken_from_freelist: 28.
num_chunk_merges: 0.
num_chunk_splits: 15.
num_chunks_enlarged: 12.
num_purges: 0.
num_inconsistent_stats: 0.

CodeHeap 'non-profiled nmethods': size=120000Kb used=83Kb max_used=83Kb free=119916Kb
 bounds [0x0000024435ab0000, 0x0000024435d20000, 0x000002443cfe0000]
CodeHeap 'profiled nmethods': size=120000Kb used=500Kb max_used=500Kb free=119499Kb
 bounds [0x000002442dfe0000, 0x000002442e250000, 0x0000024435510000]
CodeHeap 'non-nmethods': size=5760Kb used=1061Kb max_used=1085Kb free=4698Kb
 bounds [0x0000024435510000, 0x0000024435780000, 0x0000024435ab0000]
 total_blobs=646 nmethods=322 adapters=237
 compilation: enabled
              stopped_count=0, restarted_count=0
 full_count=0

Compilation events (20 events):
Event: 0.258 Thread 0x00000244450441f0 nmethod 260 0x000002442e041110 code [0x000002442e0412c0, 0x000002442e041488]
Event: 0.258 Thread 0x00000244450441f0  261       3       java.lang.ref.Reference::refersToImpl (6 bytes)
Event: 0.258 Thread 0x00000244450441f0 nmethod 261 0x000002442e041510 code [0x000002442e0416a0, 0x000002442e0417e8]
Event: 0.259 Thread 0x00000244450441f0  263       1       java.security.ProtectionDomain::getCodeSource (5 bytes)
Event: 0.259 Thread 0x00000244450441f0 nmethod 263 0x0000024435ac1b10 code [0x0000024435ac1ca0, 0x0000024435ac1d78]
Event: 0.259 Thread 0x00000244450441f0  264       3       jdk.internal.misc.Unsafe::putReferenceRelease (9 bytes)
Event: 0.259 Thread 0x00000244450441f0 nmethod 264 0x000002442e041890 code [0x000002442e041a20, 0x000002442e041b78]
Event: 0.259 Thread 0x00000244450441f0  266       3       java.util.concurrent.ConcurrentHashMap::setTabAt (20 bytes)
Event: 0.259 Thread 0x00000244450441f0 nmethod 266 0x000002442e041c10 code [0x000002442e041dc0, 0x000002442e041fc8]
Event: 0.259 Thread 0x00000244450441f0  267       3       java.lang.StringConcatHelper::newArray (40 bytes)
Event: 0.259 Thread 0x00000244450441f0 nmethod 267 0x000002442e042090 code [0x000002442e042260, 0x000002442e042598]
Event: 0.259 Thread 0x00000244450441f0  271   !   3       java.util.zip.ZipFile$Source::readFullyAt (74 bytes)
Event: 0.260 Thread 0x00000244450441f0 nmethod 271 0x000002442e042690 code [0x000002442e042880, 0x000002442e042e08]
Event: 0.260 Thread 0x00000244450441f0  269   !   3       java.util.zip.Inflater::inflate (418 bytes)
Event: 0.260 Thread 0x00000244447c9970  272       4       java.util.jar.Manifest$FastInputStream::readLine (296 bytes)
Event: 0.261 Thread 0x00000244450441f0 nmethod 269 0x000002442e043210 code [0x000002442e0434e0, 0x000002442e044668]
Event: 0.261 Thread 0x00000244450441f0  268       3       jdk.internal.misc.Unsafe::allocateUninitializedArray (55 bytes)
Event: 0.261 Thread 0x00000244450441f0 nmethod 268 0x000002442e045090 code [0x000002442e045280, 0x000002442e0456d8]
Event: 0.261 Thread 0x00000244450441f0  273       3       java.lang.String::regionMatches (150 bytes)
Event: 0.262 Thread 0x00000244450441f0 nmethod 273 0x000002442e045890 code [0x000002442e045ae0, 0x000002442e0462e8]

GC Heap History (0 events):
No events

Dll operation events (4 events):
Event: 0.011 Loaded shared library C:\Users\Junaid Shaikh\.p2\pool\plugins\org.eclipse.justj.openjdk.hotspot.jre.full.win32.x86_64_17.0.6.v20230204-1729\jre\bin\java.dll
Event: 0.181 Loaded shared library C:\Users\Junaid Shaikh\.p2\pool\plugins\org.eclipse.justj.openjdk.hotspot.jre.full.win32.x86_64_17.0.6.v20230204-1729\jre\bin\net.dll
Event: 0.184 Loaded shared library C:\Users\Junaid Shaikh\.p2\pool\plugins\org.eclipse.justj.openjdk.hotspot.jre.full.win32.x86_64_17.0.6.v20230204-1729\jre\bin\nio.dll
Event: 0.190 Loaded shared library C:\Users\Junaid Shaikh\.p2\pool\plugins\org.eclipse.justj.openjdk.hotspot.jre.full.win32.x86_64_17.0.6.v20230204-1729\jre\bin\zip.dll

Deoptimization events (8 events):
Event: 0.135 Thread 0x000002442a93ab30 Uncommon trap: trap_request=0xffffff45 fr.pc=0x0000024435ab0ef4 relative=0x0000000000000074
Event: 0.135 Thread 0x000002442a93ab30 Uncommon trap: reason=unstable_if action=reinterpret pc=0x0000024435ab0ef4 method=java.lang.String.isLatin1()Z @ 10 c2
Event: 0.135 Thread 0x000002442a93ab30 DEOPT PACKING pc=0x0000024435ab0ef4 sp=0x000000a5493fecf0
Event: 0.135 Thread 0x000002442a93ab30 DEOPT UNPACKING pc=0x00000244355669a3 sp=0x000000a5493fec30 mode 2
Event: 0.215 Thread 0x000002442a93ab30 DEOPT PACKING pc=0x000002442dff82e7 sp=0x000000a5493fddc0
Event: 0.215 Thread 0x000002442a93ab30 DEOPT UNPACKING pc=0x0000024435567143 sp=0x000000a5493fd1e0 mode 0
Event: 0.219 Thread 0x000002442a93ab30 DEOPT PACKING pc=0x000002442dfe79d1 sp=0x000000a5493fd540
Event: 0.219 Thread 0x000002442a93ab30 DEOPT UNPACKING pc=0x0000024435567143 sp=0x000000a5493fc9b8 mode 0

Classes unloaded (0 events):
No events

Classes redefined (0 events):
No events

Internal exceptions (0 events):
No events

VM Operations (2 events):
Event: 0.197 Executing VM operation: HandshakeAllThreads
Event: 0.197 Executing VM operation: HandshakeAllThreads done

Events (20 events):
Event: 0.205 loading class java/util/AbstractSequentialList
Event: 0.205 loading class java/util/AbstractSequentialList done
Event: 0.205 loading class java/util/LinkedList done
Event: 0.206 loading class java/util/LinkedList$Node
Event: 0.206 loading class java/util/LinkedList$Node done
Event: 0.207 Thread 0x0000024445272250 Thread added: 0x0000024445272250
Event: 0.236 loading class jdk/internal/loader/URLClassPath$JarLoader$2
Event: 0.236 loading class jdk/internal/loader/URLClassPath$JarLoader$2 done
Event: 0.237 loading class java/util/zip/CRC32
Event: 0.237 loading class java/util/zip/Checksum
Event: 0.237 loading class java/util/zip/Checksum done
Event: 0.237 loading class java/util/zip/CRC32 done
Event: 0.237 loading class java/util/zip/Checksum$1
Event: 0.237 loading class java/util/zip/Checksum$1 done
Event: 0.240 loading class java/util/concurrent/ConcurrentHashMap$ForwardingNode
Event: 0.240 loading class java/util/concurrent/ConcurrentHashMap$ForwardingNode done
Event: 0.252 loading class java/lang/IllegalStateException
Event: 0.252 loading class java/lang/IllegalStateException done
Event: 0.253 loading class java/util/EventObject
Event: 0.253 loading class java/util/EventObject done


Dynamic libraries:
0x00007ff68f710000 - 0x00007ff68f71e000 	C:\Users\Junaid Shaikh\.p2\pool\plugins\org.eclipse.justj.openjdk.hotspot.jre.full.win32.x86_64_17.0.6.v20230204-1729\jre\bin\javaw.exe
0x00007fff6ac50000 - 0x00007fff6ae66000 	C:\WINDOWS\SYSTEM32\ntdll.dll
0x00007fff69740000 - 0x00007fff69804000 	C:\WINDOWS\System32\KERNEL32.DLL
0x00007fff682c0000 - 0x00007fff68667000 	C:\WINDOWS\System32\KERNELBASE.dll
0x00007fff686a0000 - 0x00007fff687b1000 	C:\WINDOWS\System32\ucrtbase.dll
0x00007fff4a2e0000 - 0x00007fff4a2f9000 	C:\Users\Junaid Shaikh\.p2\pool\plugins\org.eclipse.justj.openjdk.hotspot.jre.full.win32.x86_64_17.0.6.v20230204-1729\jre\bin\VCRUNTIME140.dll
0x00007fff275a0000 - 0x00007fff275b7000 	C:\Users\Junaid Shaikh\.p2\pool\plugins\org.eclipse.justj.openjdk.hotspot.jre.full.win32.x86_64_17.0.6.v20230204-1729\jre\bin\jli.dll
0x00007fff6a9a0000 - 0x00007fff6ab4e000 	C:\WINDOWS\System32\USER32.dll
0x00007fff68670000 - 0x00007fff68696000 	C:\WINDOWS\System32\win32u.dll
0x00007fff6ab50000 - 0x00007fff6ab79000 	C:\WINDOWS\System32\GDI32.dll
0x00007fff4ebb0000 - 0x00007fff4ee43000 	C:\WINDOWS\WinSxS\amd64_microsoft.windows.common-controls_6595b64144ccf1df_6.0.22621.3235_none_270f74e173860f98\COMCTL32.dll
0x00007fff68860000 - 0x00007fff68979000 	C:\WINDOWS\System32\gdi32full.dll
0x00007fff6a8d0000 - 0x00007fff6a977000 	C:\WINDOWS\System32\msvcrt.dll
0x00007fff687c0000 - 0x00007fff6885a000 	C:\WINDOWS\System32\msvcp_win.dll
0x00007fff69200000 - 0x00007fff69231000 	C:\WINDOWS\System32\IMM32.DLL
0x00007fff36bd0000 - 0x00007fff36bdc000 	C:\Users\Junaid Shaikh\.p2\pool\plugins\org.eclipse.justj.openjdk.hotspot.jre.full.win32.x86_64_17.0.6.v20230204-1729\jre\bin\vcruntime140_1.dll
0x00007fff21860000 - 0x00007fff218f1000 	C:\Users\Junaid Shaikh\.p2\pool\plugins\org.eclipse.justj.openjdk.hotspot.jre.full.win32.x86_64_17.0.6.v20230204-1729\jre\bin\msvcp140.dll
0x00007ffec6fc0000 - 0x00007ffec7c07000 	C:\Users\Junaid Shaikh\.p2\pool\plugins\org.eclipse.justj.openjdk.hotspot.jre.full.win32.x86_64_17.0.6.v20230204-1729\jre\bin\server\jvm.dll
0x00007fff6a730000 - 0x00007fff6a7e2000 	C:\WINDOWS\System32\ADVAPI32.dll
0x00007fff693d0000 - 0x00007fff69478000 	C:\WINDOWS\System32\sechost.dll
0x00007fff68060000 - 0x00007fff68088000 	C:\WINDOWS\System32\bcrypt.dll
0x00007fff69480000 - 0x00007fff69595000 	C:\WINDOWS\System32\RPCRT4.dll
0x00007fff613c0000 - 0x00007fff613c9000 	C:\WINDOWS\SYSTEM32\WSOCK32.dll
0x00007fff605e0000 - 0x00007fff60614000 	C:\WINDOWS\SYSTEM32\WINMM.dll
0x00007fff5ff50000 - 0x00007fff5ff5a000 	C:\WINDOWS\SYSTEM32\VERSION.dll
0x00007fff6a800000 - 0x00007fff6a871000 	C:\WINDOWS\System32\WS2_32.dll
0x00007fff66fb0000 - 0x00007fff66fc8000 	C:\WINDOWS\SYSTEM32\kernel.appcore.dll
0x00007fff613b0000 - 0x00007fff613ba000 	C:\Users\Junaid Shaikh\.p2\pool\plugins\org.eclipse.justj.openjdk.hotspot.jre.full.win32.x86_64_17.0.6.v20230204-1729\jre\bin\jimage.dll
0x00007fff5df40000 - 0x00007fff5e173000 	C:\WINDOWS\SYSTEM32\DBGHELP.DLL
0x00007fff68bb0000 - 0x00007fff68f38000 	C:\WINDOWS\System32\combase.dll
0x00007fff692f0000 - 0x00007fff693c7000 	C:\WINDOWS\System32\OLEAUT32.dll
0x00007fff48dd0000 - 0x00007fff48e02000 	C:\WINDOWS\SYSTEM32\dbgcore.DLL
0x00007fff67fe0000 - 0x00007fff68059000 	C:\WINDOWS\System32\bcryptPrimitives.dll
0x00007fff48280000 - 0x00007fff482a5000 	C:\Users\Junaid Shaikh\.p2\pool\plugins\org.eclipse.justj.openjdk.hotspot.jre.full.win32.x86_64_17.0.6.v20230204-1729\jre\bin\java.dll
0x00007fff60870000 - 0x00007fff60888000 	C:\Users\Junaid Shaikh\.p2\pool\plugins\org.eclipse.justj.openjdk.hotspot.jre.full.win32.x86_64_17.0.6.v20230204-1729\jre\bin\zip.dll
0x00007fff69810000 - 0x00007fff6a06c000 	C:\WINDOWS\System32\SHELL32.dll
0x00007fff65ed0000 - 0x00007fff667c9000 	C:\WINDOWS\SYSTEM32\windows.storage.dll
0x00007fff65d90000 - 0x00007fff65ece000 	C:\WINDOWS\SYSTEM32\wintypes.dll
0x00007fff68fa0000 - 0x00007fff69093000 	C:\WINDOWS\System32\SHCORE.dll
0x00007fff6a6d0000 - 0x00007fff6a72e000 	C:\WINDOWS\System32\shlwapi.dll
0x00007fff67ea0000 - 0x00007fff67ec1000 	C:\WINDOWS\SYSTEM32\profapi.dll
0x00007fff60710000 - 0x00007fff60729000 	C:\Users\Junaid Shaikh\.p2\pool\plugins\org.eclipse.justj.openjdk.hotspot.jre.full.win32.x86_64_17.0.6.v20230204-1729\jre\bin\net.dll
0x00007fff619b0000 - 0x00007fff61ae6000 	C:\WINDOWS\SYSTEM32\WINHTTP.dll
0x00007fff67420000 - 0x00007fff67489000 	C:\WINDOWS\system32\mswsock.dll
0x00007fff48260000 - 0x00007fff48275000 	C:\Users\Junaid Shaikh\.p2\pool\plugins\org.eclipse.justj.openjdk.hotspot.jre.full.win32.x86_64_17.0.6.v20230204-1729\jre\bin\nio.dll
0x00007fff60850000 - 0x00007fff60860000 	C:\Users\Junaid Shaikh\.p2\pool\plugins\org.eclipse.justj.openjdk.hotspot.jre.full.win32.x86_64_17.0.6.v20230204-1729\jre\bin\verify.dll

dbghelp: loaded successfully - version: 4.0.5 - missing functions: none
symbol engine: initialized successfully - sym options: 0x614 - pdb path: .;C:\Users\Junaid Shaikh\.p2\pool\plugins\org.eclipse.justj.openjdk.hotspot.jre.full.win32.x86_64_17.0.6.v20230204-1729\jre\bin;C:\WINDOWS\SYSTEM32;C:\WINDOWS\WinSxS\amd64_microsoft.windows.common-controls_6595b64144ccf1df_6.0.22621.3235_none_270f74e173860f98;C:\Users\Junaid Shaikh\.p2\pool\plugins\org.eclipse.justj.openjdk.hotspot.jre.full.win32.x86_64_17.0.6.v20230204-1729\jre\bin\server

VM Arguments:
jvm_args: -Dfile.encoding=UTF-8 -XX:+ShowCodeDetailsInExceptionMessages 
java_command: coms.FambruhbackendApplication
java_class_path (initial): C:\Users\Junaid Shaikh\Downloads\medicare.com-main\medicare.com-main\medicarefinal\medicarefinal\target\classes;C:\Users\Junaid Shaikh\.m2\repository\org\springframework\boot\spring-boot-starter-data-jpa\2.7.7\spring-boot-starter-data-jpa-2.7.7.jar;C:\Users\Junaid Shaikh\.m2\repository\org\springframework\boot\spring-boot-starter-aop\2.7.7\spring-boot-starter-aop-2.7.7.jar;C:\Users\Junaid Shaikh\.m2\repository\org\aspectj\aspectjweaver\1.9.7\aspectjweaver-1.9.7.jar;C:\Users\Junaid Shaikh\.m2\repository\org\springframework\boot\spring-boot-starter-jdbc\2.7.7\spring-boot-starter-jdbc-2.7.7.jar;C:\Users\Junaid Shaikh\.m2\repository\com\zaxxer\HikariCP\4.0.3\HikariCP-4.0.3.jar;C:\Users\Junaid Shaikh\.m2\repository\org\springframework\spring-jdbc\5.3.24\spring-jdbc-5.3.24.jar;C:\Users\Junaid Shaikh\.m2\repository\jakarta\transaction\jakarta.transaction-api\1.3.3\jakarta.transaction-api-1.3.3.jar;C:\Users\Junaid Shaikh\.m2\repository\jakarta\persistence\jakarta.persistence-api\2.2.3\jakarta.persistence-api-2.2.3.jar;C:\Users\Junaid Shaikh\.m2\repository\org\hibernate\hibernate-core\5.6.14.Final\hibernate-core-5.6.14.Final.jar;C:\Users\Junaid Shaikh\.m2\repository\org\jboss\logging\jboss-logging\3.4.3.Final\jboss-logging-3.4.3.Final.jar;C:\Users\Junaid Shaikh\.m2\repository\net\bytebuddy\byte-buddy\1.12.20\byte-buddy-1.12.20.jar;C:\Users\Junaid Shaikh\.m2\repository\antlr\antlr\2.7.7\antlr-2.7.7.jar;C:\Users\Junaid Shaikh\.m2\repository\org\jboss\jandex\2.4.2.Final\jandex-2.4.2.Final.jar;C:\Users\Junaid Shaikh\.m2\repository\com\fasterxml\classmate\1.5.1\classmate-1.5.1.jar;C:\Users\Junaid Shaikh\.m2\repository\org\hibernate\common\hibernate-commons-annotations\5.1.2.Final\hibernate-commons-annotations-5.1.2.Final.jar;C:\Users\Junaid Shaikh\.m2\repository\org\glassfish\jaxb\jaxb-runtime\2.3.7\jaxb-runtime-2.3.7.jar;C:\Users\Junaid Shaikh\.m2\repository\org\glassfish\jaxb\txw2\2.3.7\txw2-2.3.7.jar;C:\Users\Junaid Shaikh\.m2\repository\com\sun\is
Launcher Type: SUN_STANDARD

[Global flags]
     intx CICompilerCount                          = 4                                         {product} {ergonomic}
     uint ConcGCThreads                            = 3                                         {product} {ergonomic}
     uint G1ConcRefinementThreads                  = 10                                        {product} {ergonomic}
   size_t G1HeapRegionSize                         = 1048576                                   {product} {ergonomic}
    uintx GCDrainStackTargetSize                   = 64                                        {product} {ergonomic}
   size_t InitialHeapSize                          = 123731968                                 {product} {ergonomic}
   size_t MarkStackSize                            = 4194304                                   {product} {ergonomic}
   size_t MaxHeapSize                              = 1973420032                                {product} {ergonomic}
   size_t MaxNewSize                               = 1183842304                                {product} {ergonomic}
   size_t MinHeapDeltaBytes                        = 1048576                                   {product} {ergonomic}
   size_t MinHeapSize                              = 8388608                                   {product} {ergonomic}
    uintx NonNMethodCodeHeapSize                   = 5839372                                {pd product} {ergonomic}
    uintx NonProfiledCodeHeapSize                  = 122909434                              {pd product} {ergonomic}
    uintx ProfiledCodeHeapSize                     = 122909434                              {pd product} {ergonomic}
    uintx ReservedCodeCacheSize                    = 251658240                              {pd product} {ergonomic}
     bool SegmentedCodeCache                       = true                                      {product} {ergonomic}
     bool ShowCodeDetailsInExceptionMessages       = true                                   {manageable} {command line}
   size_t SoftMaxHeapSize                          = 1973420032                             {manageable} {ergonomic}
     bool UseCompressedClassPointers               = true                           {product lp64_product} {ergonomic}
     bool UseCompressedOops                        = true                           {product lp64_product} {ergonomic}
     bool UseG1GC                                  = true                                      {product} {ergonomic}
     bool UseLargePagesIndividualAllocation        = false                                  {pd product} {ergonomic}

Logging:
Log output configuration:
 #0: stdout all=warning uptime,level,tags
 #1: stderr all=off uptime,level,tags

Environment Variables:
PATH=C:/Users/Junaid Shaikh/.p2/pool/plugins/org.eclipse.justj.openjdk.hotspot.jre.full.win32.x86_64_17.0.6.v20230204-1729/jre/bin/server;C:/Users/Junaid Shaikh/.p2/pool/plugins/org.eclipse.justj.openjdk.hotspot.jre.full.win32.x86_64_17.0.6.v20230204-1729/jre/bin;C:\windows\system32;C:\windows;C:\windows\System32\Wbem;C:\windows\System32\WindowsPowerShell\v1.0\;C:\windows\System32\OpenSSH\;C:\Program Files (x86)\NVIDIA Corporation\PhysX\Common;C:\Program Files\NVIDIA Corporation\NVIDIA NvDLISR;C:\WINDOWS\system32;C:\WINDOWS;C:\WINDOWS\System32\Wbem;C:\WINDOWS\System32\WindowsPowerShell\v1.0\;C:\WINDOWS\System32\OpenSSH\;C:\Program Files\dotnet\;C:\Program Files\Microsoft SQL Server\130\Tools\Binn\;C:\Program Files\Microsoft SQL Server\Client SDK\ODBC\170\Tools\Binn\;C:\Program Files\Git\cmd;C:\Program Files\nodejs\;C:\Program Files\HP\HP One Agent;C:\Program Files\MySQL\MySQL Shell 8.0\bin\;C:\Users\Junaid Shaikh\AppData\Local\Microsoft\WindowsApps;C:\Users\Junaid Shaikh\AppData\Local\Programs\Microsoft VS Code\bin;C:\Users\Junaid Shaikh\AppData\Roaming\npm;C:\Program Files;;C:\WINDOWS\system32;
USERNAME=Junaid Shaikh
OS=Windows_NT
PROCESSOR_IDENTIFIER=AMD64 Family 25 Model 80 Stepping 0, AuthenticAMD
TMP=C:\Users\JUNAID~1\AppData\Local\Temp
TEMP=C:\Users\JUNAID~1\AppData\Local\Temp



---------------  S Y S T E M  ---------------

OS:
 Windows 11 , 64 bit Build 22621 (10.0.22621.3374)
OS uptime: 2 days 5:51 hours

CPU: total 12 (initial active 12) (12 cores per cpu, 2 threads per core) family 25 model 80 stepping 0 microcode 0x0, cx8, cmov, fxsr, ht, mmx, 3dnowpref, sse, sse2, sse3, ssse3, sse4a, sse4.1, sse4.2, popcnt, lzcnt, tsc, tscinvbit, avx, avx2, aes, erms, clmul, bmi1, bmi2, adx, sha, fma, vzeroupper, clflush, clflushopt

Memory: 4k page, system-wide physical 7521M (726M free)
TotalPageFile size 31073M (AvailPageFile size 0M)
current process WorkingSet (physical memory assigned to process): 43M, peak: 43M
current process commit charge ("private bytes"): 203M, peak: 203M

vm_info: OpenJDK 64-Bit Server VM (17.0.6+10) for windows-amd64 JRE (17.0.6+10), built on Jan 18 2023 10:08:59 by "temurin" with MS VC++ 16.7 (VS2019)

END.
